[06-09 16:15:57]: [INFO] Created column 'regdate' and set the current timestamp, 1749496557993, to all 0 rows
[06-09 16:15:58]: [INFO] SQLite Setup finished
[06-09 16:15:58]: [INFO] Hooked into LuckPerms!
[06-09 16:15:58]: [WARN] WARNING! The protectInventory feature requires ProtocolLib! Disabling it...
[06-09 16:15:58]: [INFO] AuthMe 5.6.0 build n.CUSTOM successfully enabled!
[06-09 16:16:01]: [INFO] Downloading GEO IP database, because the old database is older than 30 days or doesn't exist
[06-09 16:16:01]: [WARN] No MaxMind credentials found in the configuration file! GeoIp protections will be disabled.
[06-09 16:16:01]: [INFO] There is no newer GEO IP database uploaded to MaxMind. Using the old one for now.
[06-09 16:16:01]: [WARN] Could not download GeoLiteAPI database [FileNotFoundException]: plugins\AuthMe\GeoLite2-Country.mmdb (O sistema não pode encontrar o arquivo especificado)
[06-09 16:16:01]: java.io.FileNotFoundException: plugins\AuthMe\GeoLite2-Country.mmdb (O sistema não pode encontrar o arquivo especificado)
	at java.base/java.io.RandomAccessFile.open0(Native Method)
	at java.base/java.io.RandomAccessFile.open(RandomAccessFile.java:356)
	at java.base/java.io.RandomAccessFile.<init>(RandomAccessFile.java:273)
	at java.base/java.io.RandomAccessFile.<init>(RandomAccessFile.java:223)
	at AuthMe-5.6.0-legacy.jar//fr.xephi.authme.libs.com.maxmind.db.BufferHolder.<init>(BufferHolder.java:20)
	at AuthMe-5.6.0-legacy.jar//fr.xephi.authme.libs.com.maxmind.db.Reader.<init>(Reader.java:121)
	at AuthMe-5.6.0-legacy.jar//fr.xephi.authme.service.GeoIpService.startReading(GeoIpService.java:179)
	at AuthMe-5.6.0-legacy.jar//fr.xephi.authme.service.GeoIpService.updateDatabase(GeoIpService.java:150)
	at org.bukkit.craftbukkit.scheduler.CraftTask.run(CraftTask.java:78)
	at org.bukkit.craftbukkit.scheduler.CraftAsyncTask.run(CraftAsyncTask.java:57)
	at com.destroystokyo.paper.ServerSchedulerReportingWrapper.run(ServerSchedulerReportingWrapper.java:22)
	at java.base/java.util.concurrent.ThreadPoolExecutor.runWorker(ThreadPoolExecutor.java:1144)
	at java.base/java.util.concurrent.ThreadPoolExecutor$Worker.run(ThreadPoolExecutor.java:642)
	at java.base/java.lang.Thread.run(Thread.java:1583)

[06-09 16:17:30]: [FINE] SayGabbis registered 127.0.0.1
[06-09 16:17:30]: [FINE] SayGabbis logged in 127.0.0.1
[06-09 16:18:49]: [FINE] SayGabbis logged in 127.0.0.1
[06-09 16:22:36]: [INFO] AuthMe 5.6.0-bCUSTOM disabled!
[06-09 19:41:20]: [INFO] SQLite Setup finished
[06-09 19:41:20]: [INFO] Hooked into LuckPerms!
[06-09 19:41:21]: [WARN] WARNING! The protectInventory feature requires ProtocolLib! Disabling it...
[06-09 19:41:22]: [INFO] AuthMe 5.6.0 build n.CUSTOM successfully enabled!
[06-09 19:41:33]: [INFO] Downloading GEO IP database, because the old database is older than 30 days or doesn't exist
[06-09 19:41:33]: [WARN] No MaxMind credentials found in the configuration file! GeoIp protections will be disabled.
[06-09 19:41:33]: [INFO] There is no newer GEO IP database uploaded to MaxMind. Using the old one for now.
[06-09 19:41:33]: [WARN] Could not download GeoLiteAPI database [FileNotFoundException]: plugins/AuthMe/GeoLite2-Country.mmdb (No such file or directory)
[06-09 19:41:33]: java.io.FileNotFoundException: plugins/AuthMe/GeoLite2-Country.mmdb (No such file or directory)
	at java.base/java.io.RandomAccessFile.open0(Native Method)
	at java.base/java.io.RandomAccessFile.open(RandomAccessFile.java:356)
	at java.base/java.io.RandomAccessFile.<init>(RandomAccessFile.java:273)
	at java.base/java.io.RandomAccessFile.<init>(RandomAccessFile.java:223)
	at AuthMe-5.6.0-legacy.jar//fr.xephi.authme.libs.com.maxmind.db.BufferHolder.<init>(BufferHolder.java:20)
	at AuthMe-5.6.0-legacy.jar//fr.xephi.authme.libs.com.maxmind.db.Reader.<init>(Reader.java:121)
	at AuthMe-5.6.0-legacy.jar//fr.xephi.authme.service.GeoIpService.startReading(GeoIpService.java:179)
	at AuthMe-5.6.0-legacy.jar//fr.xephi.authme.service.GeoIpService.updateDatabase(GeoIpService.java:150)
	at org.bukkit.craftbukkit.scheduler.CraftTask.run(CraftTask.java:78)
	at org.bukkit.craftbukkit.scheduler.CraftAsyncTask.run(CraftAsyncTask.java:57)
	at com.destroystokyo.paper.ServerSchedulerReportingWrapper.run(ServerSchedulerReportingWrapper.java:22)
	at java.base/java.util.concurrent.ThreadPoolExecutor.runWorker(ThreadPoolExecutor.java:1144)
	at java.base/java.util.concurrent.ThreadPoolExecutor$Worker.run(ThreadPoolExecutor.java:642)
	at java.base/java.lang.Thread.run(Thread.java:1583)

[06-09 19:41:52]: [FINE] SayGabbis logged in 189.50.232.191
[06-09 19:53:27]: [FINE] SayGabbis logged in 189.50.232.191
[06-09 20:20:05]: [FINE] Osamuh25 registered 38.225.246.107
[06-09 20:20:05]: [FINE] Osamuh25 logged in 38.225.246.107
[06-09 20:21:43]: [FINE] Osamuh25 logged in 38.225.246.107
[06-09 20:30:20]: [INFO] AuthMe 5.6.0-bCUSTOM disabled!
[06-09 20:30:32]: [INFO] SQLite Setup finished
[06-09 20:30:33]: [INFO] Hooked into LuckPerms!
[06-09 20:30:33]: [WARN] WARNING! The protectInventory feature requires ProtocolLib! Disabling it...
[06-09 20:30:33]: [INFO] AuthMe 5.6.0 build n.CUSTOM successfully enabled!
[06-09 20:30:38]: [INFO] Downloading GEO IP database, because the old database is older than 30 days or doesn't exist
[06-09 20:30:38]: [WARN] No MaxMind credentials found in the configuration file! GeoIp protections will be disabled.
[06-09 20:30:38]: [INFO] There is no newer GEO IP database uploaded to MaxMind. Using the old one for now.
[06-09 20:30:38]: [WARN] Could not download GeoLiteAPI database [FileNotFoundException]: plugins/AuthMe/GeoLite2-Country.mmdb (No such file or directory)
[06-09 20:30:38]: java.io.FileNotFoundException: plugins/AuthMe/GeoLite2-Country.mmdb (No such file or directory)
	at java.base/java.io.RandomAccessFile.open0(Native Method)
	at java.base/java.io.RandomAccessFile.open(RandomAccessFile.java:356)
	at java.base/java.io.RandomAccessFile.<init>(RandomAccessFile.java:273)
	at java.base/java.io.RandomAccessFile.<init>(RandomAccessFile.java:223)
	at AuthMe-5.6.0-legacy.jar//fr.xephi.authme.libs.com.maxmind.db.BufferHolder.<init>(BufferHolder.java:20)
	at AuthMe-5.6.0-legacy.jar//fr.xephi.authme.libs.com.maxmind.db.Reader.<init>(Reader.java:121)
	at AuthMe-5.6.0-legacy.jar//fr.xephi.authme.service.GeoIpService.startReading(GeoIpService.java:179)
	at AuthMe-5.6.0-legacy.jar//fr.xephi.authme.service.GeoIpService.updateDatabase(GeoIpService.java:150)
	at org.bukkit.craftbukkit.scheduler.CraftTask.run(CraftTask.java:78)
	at org.bukkit.craftbukkit.scheduler.CraftAsyncTask.run(CraftAsyncTask.java:57)
	at com.destroystokyo.paper.ServerSchedulerReportingWrapper.run(ServerSchedulerReportingWrapper.java:22)
	at java.base/java.util.concurrent.ThreadPoolExecutor.runWorker(ThreadPoolExecutor.java:1144)
	at java.base/java.util.concurrent.ThreadPoolExecutor$Worker.run(ThreadPoolExecutor.java:642)
	at java.base/java.lang.Thread.run(Thread.java:1583)

[06-09 20:31:05]: [FINE] Osamuh25 logged in 38.225.246.107
[06-09 20:31:57]: [INFO] AuthMe 5.6.0-bCUSTOM disabled!
[06-09 20:32:05]: [INFO] SQLite Setup finished
[06-09 20:32:05]: [INFO] Hooked into LuckPerms!
[06-09 20:32:06]: [WARN] WARNING! The protectInventory feature requires ProtocolLib! Disabling it...
[06-09 20:32:06]: [INFO] AuthMe 5.6.0 build n.CUSTOM successfully enabled!
[06-09 20:32:10]: [INFO] AuthMe 5.6.0-bCUSTOM disabled!
[06-09 20:33:26]: [INFO] SQLite Setup finished
[06-09 20:33:26]: [INFO] Hooked into LuckPerms!
[06-09 20:33:27]: [WARN] WARNING! The protectInventory feature requires ProtocolLib! Disabling it...
[06-09 20:33:27]: [INFO] AuthMe 5.6.0 build n.CUSTOM successfully enabled!
[06-09 20:33:34]: [INFO] Downloading GEO IP database, because the old database is older than 30 days or doesn't exist
[06-09 20:33:34]: [WARN] No MaxMind credentials found in the configuration file! GeoIp protections will be disabled.
[06-09 20:33:34]: [INFO] There is no newer GEO IP database uploaded to MaxMind. Using the old one for now.
[06-09 20:33:34]: [WARN] Could not download GeoLiteAPI database [FileNotFoundException]: plugins/AuthMe/GeoLite2-Country.mmdb (No such file or directory)
[06-09 20:33:34]: java.io.FileNotFoundException: plugins/AuthMe/GeoLite2-Country.mmdb (No such file or directory)
	at java.base/java.io.RandomAccessFile.open0(Native Method)
	at java.base/java.io.RandomAccessFile.open(RandomAccessFile.java:356)
	at java.base/java.io.RandomAccessFile.<init>(RandomAccessFile.java:273)
	at java.base/java.io.RandomAccessFile.<init>(RandomAccessFile.java:223)
	at AuthMe-5.6.0-legacy.jar//fr.xephi.authme.libs.com.maxmind.db.BufferHolder.<init>(BufferHolder.java:20)
	at AuthMe-5.6.0-legacy.jar//fr.xephi.authme.libs.com.maxmind.db.Reader.<init>(Reader.java:121)
	at AuthMe-5.6.0-legacy.jar//fr.xephi.authme.service.GeoIpService.startReading(GeoIpService.java:179)
	at AuthMe-5.6.0-legacy.jar//fr.xephi.authme.service.GeoIpService.updateDatabase(GeoIpService.java:150)
	at org.bukkit.craftbukkit.scheduler.CraftTask.run(CraftTask.java:78)
	at org.bukkit.craftbukkit.scheduler.CraftAsyncTask.run(CraftAsyncTask.java:57)
	at com.destroystokyo.paper.ServerSchedulerReportingWrapper.run(ServerSchedulerReportingWrapper.java:22)
	at java.base/java.util.concurrent.ThreadPoolExecutor.runWorker(ThreadPoolExecutor.java:1144)
	at java.base/java.util.concurrent.ThreadPoolExecutor$Worker.run(ThreadPoolExecutor.java:642)
	at java.base/java.lang.Thread.run(Thread.java:1583)

[06-09 20:34:09]: [INFO] AuthMe 5.6.0-bCUSTOM disabled!
[06-09 20:35:10]: [INFO] SQLite Setup finished
[06-09 20:35:10]: [INFO] Hooked into LuckPerms!
[06-09 20:35:11]: [WARN] WARNING! The protectInventory feature requires ProtocolLib! Disabling it...
[06-09 20:35:11]: [INFO] AuthMe 5.6.0 build n.CUSTOM successfully enabled!
[06-09 20:35:18]: [INFO] Downloading GEO IP database, because the old database is older than 30 days or doesn't exist
[06-09 20:35:18]: [WARN] No MaxMind credentials found in the configuration file! GeoIp protections will be disabled.
[06-09 20:35:18]: [INFO] There is no newer GEO IP database uploaded to MaxMind. Using the old one for now.
[06-09 20:35:18]: [WARN] Could not download GeoLiteAPI database [FileNotFoundException]: plugins/AuthMe/GeoLite2-Country.mmdb (No such file or directory)
[06-09 20:35:18]: java.io.FileNotFoundException: plugins/AuthMe/GeoLite2-Country.mmdb (No such file or directory)
	at java.base/java.io.RandomAccessFile.open0(Native Method)
	at java.base/java.io.RandomAccessFile.open(RandomAccessFile.java:356)
	at java.base/java.io.RandomAccessFile.<init>(RandomAccessFile.java:273)
	at java.base/java.io.RandomAccessFile.<init>(RandomAccessFile.java:223)
	at AuthMe-5.6.0-legacy.jar//fr.xephi.authme.libs.com.maxmind.db.BufferHolder.<init>(BufferHolder.java:20)
	at AuthMe-5.6.0-legacy.jar//fr.xephi.authme.libs.com.maxmind.db.Reader.<init>(Reader.java:121)
	at AuthMe-5.6.0-legacy.jar//fr.xephi.authme.service.GeoIpService.startReading(GeoIpService.java:179)
	at AuthMe-5.6.0-legacy.jar//fr.xephi.authme.service.GeoIpService.updateDatabase(GeoIpService.java:150)
	at org.bukkit.craftbukkit.scheduler.CraftTask.run(CraftTask.java:78)
	at org.bukkit.craftbukkit.scheduler.CraftAsyncTask.run(CraftAsyncTask.java:57)
	at com.destroystokyo.paper.ServerSchedulerReportingWrapper.run(ServerSchedulerReportingWrapper.java:22)
	at java.base/java.util.concurrent.ThreadPoolExecutor.runWorker(ThreadPoolExecutor.java:1144)
	at java.base/java.util.concurrent.ThreadPoolExecutor$Worker.run(ThreadPoolExecutor.java:642)
	at java.base/java.lang.Thread.run(Thread.java:1583)

[06-09 20:36:30]: [FINE] Osamuh25 logged in 38.225.246.107
[06-09 20:46:32]: [FINE] ShapelierC15 registered 45.226.73.31
[06-09 20:46:32]: [FINE] ShapelierC15 logged in 45.226.73.31
[06-09 20:47:19]: [FINE] Osamuh25 logged in 38.225.246.107
[06-09 22:29:36]: [FINE] Alencar73 registered 177.152.86.2
[06-09 22:29:36]: [FINE] Alencar73 logged in 177.152.86.2
[06-10 02:12:27]: [FINE] Alencar73 logged in 177.152.86.2
[06-10 07:00:01]: [INFO] AuthMe 5.6.0-bCUSTOM disabled!
[06-10 07:02:18]: [INFO] SQLite Setup finished
[06-10 07:02:18]: [INFO] Hooked into LuckPerms!
[06-10 07:02:18]: [WARN] WARNING! The protectInventory feature requires ProtocolLib! Disabling it...
[06-10 07:02:18]: [INFO] AuthMe 5.6.0 build n.CUSTOM successfully enabled!
[06-10 07:02:24]: [INFO] Downloading GEO IP database, because the old database is older than 30 days or doesn't exist
[06-10 07:02:24]: [WARN] No MaxMind credentials found in the configuration file! GeoIp protections will be disabled.
[06-10 07:02:24]: [INFO] There is no newer GEO IP database uploaded to MaxMind. Using the old one for now.
[06-10 07:02:24]: [WARN] Could not download GeoLiteAPI database [FileNotFoundException]: plugins/AuthMe/GeoLite2-Country.mmdb (No such file or directory)
[06-10 07:02:24]: java.io.FileNotFoundException: plugins/AuthMe/GeoLite2-Country.mmdb (No such file or directory)
	at java.base/java.io.RandomAccessFile.open0(Native Method)
	at java.base/java.io.RandomAccessFile.open(RandomAccessFile.java:356)
	at java.base/java.io.RandomAccessFile.<init>(RandomAccessFile.java:273)
	at java.base/java.io.RandomAccessFile.<init>(RandomAccessFile.java:223)
	at AuthMe-5.6.0-legacy.jar//fr.xephi.authme.libs.com.maxmind.db.BufferHolder.<init>(BufferHolder.java:20)
	at AuthMe-5.6.0-legacy.jar//fr.xephi.authme.libs.com.maxmind.db.Reader.<init>(Reader.java:121)
	at AuthMe-5.6.0-legacy.jar//fr.xephi.authme.service.GeoIpService.startReading(GeoIpService.java:179)
	at AuthMe-5.6.0-legacy.jar//fr.xephi.authme.service.GeoIpService.updateDatabase(GeoIpService.java:150)
	at org.bukkit.craftbukkit.scheduler.CraftTask.run(CraftTask.java:78)
	at org.bukkit.craftbukkit.scheduler.CraftAsyncTask.run(CraftAsyncTask.java:57)
	at com.destroystokyo.paper.ServerSchedulerReportingWrapper.run(ServerSchedulerReportingWrapper.java:22)
	at java.base/java.util.concurrent.ThreadPoolExecutor.runWorker(ThreadPoolExecutor.java:1144)
	at java.base/java.util.concurrent.ThreadPoolExecutor$Worker.run(ThreadPoolExecutor.java:642)
	at java.base/java.lang.Thread.run(Thread.java:1583)

[06-10 12:11:40]: [INFO] Unhooked from Permissions!
[06-10 12:11:40]: [INFO] Hooked into LuckPerms!
[06-10 12:11:40]: [INFO] SQLite Setup finished
[06-10 12:11:40]: [WARN] WARNING! The protectInventory feature requires ProtocolLib! Disabling it...
[06-10 12:37:37]: [INFO] AuthMe 5.6.0-bCUSTOM disabled!
[06-10 12:39:17]: [INFO] SQLite Setup finished
[06-10 12:39:17]: [INFO] Hooked into LuckPerms!
[06-10 12:39:18]: [WARN] WARNING! The protectInventory feature requires ProtocolLib! Disabling it...
[06-10 12:39:18]: [INFO] AuthMe 5.6.0 build n.CUSTOM successfully enabled!
[06-10 12:39:25]: [INFO] Downloading GEO IP database, because the old database is older than 30 days or doesn't exist
[06-10 12:39:25]: [WARN] No MaxMind credentials found in the configuration file! GeoIp protections will be disabled.
[06-10 12:39:25]: [INFO] There is no newer GEO IP database uploaded to MaxMind. Using the old one for now.
[06-10 12:39:25]: [WARN] Could not download GeoLiteAPI database [FileNotFoundException]: plugins/AuthMe/GeoLite2-Country.mmdb (No such file or directory)
[06-10 12:39:25]: java.io.FileNotFoundException: plugins/AuthMe/GeoLite2-Country.mmdb (No such file or directory)
	at java.base/java.io.RandomAccessFile.open0(Native Method)
	at java.base/java.io.RandomAccessFile.open(RandomAccessFile.java:356)
	at java.base/java.io.RandomAccessFile.<init>(RandomAccessFile.java:273)
	at java.base/java.io.RandomAccessFile.<init>(RandomAccessFile.java:223)
	at AuthMe-5.6.0-legacy.jar//fr.xephi.authme.libs.com.maxmind.db.BufferHolder.<init>(BufferHolder.java:20)
	at AuthMe-5.6.0-legacy.jar//fr.xephi.authme.libs.com.maxmind.db.Reader.<init>(Reader.java:121)
	at AuthMe-5.6.0-legacy.jar//fr.xephi.authme.service.GeoIpService.startReading(GeoIpService.java:179)
	at AuthMe-5.6.0-legacy.jar//fr.xephi.authme.service.GeoIpService.updateDatabase(GeoIpService.java:150)
	at org.bukkit.craftbukkit.scheduler.CraftTask.run(CraftTask.java:78)
	at org.bukkit.craftbukkit.scheduler.CraftAsyncTask.run(CraftAsyncTask.java:57)
	at com.destroystokyo.paper.ServerSchedulerReportingWrapper.run(ServerSchedulerReportingWrapper.java:22)
	at java.base/java.util.concurrent.ThreadPoolExecutor.runWorker(ThreadPoolExecutor.java:1144)
	at java.base/java.util.concurrent.ThreadPoolExecutor$Worker.run(ThreadPoolExecutor.java:642)
	at java.base/java.lang.Thread.run(Thread.java:1583)

[06-10 16:54:47]: [FINE] ShapelierC15 logged in 45.226.73.31
[06-10 18:11:00]: [FINE] ShapelierC15 logged in 45.226.73.31
[06-10 19:12:53]: [FINE] Osamuh25 logged in 38.225.246.6
[06-10 19:48:50]: [FINE] ShapelierC15 logged in 45.226.73.31
[06-10 21:44:58]: [FINE] Osamuh25 logged in 38.225.246.6
[06-10 21:47:15]: [FINE] Osamuh25 logged in 38.225.246.6
[06-10 21:48:35]: [FINE] ShapelierC15 logged in 45.226.73.31
[06-10 22:37:13]: [FINE] ShapelierC15 logged in 45.226.73.31
[06-10 23:16:49]: [FINE] ShapelierC15 logged in 45.226.73.31
[06-10 23:20:34]: [FINE] Alencar73 logged in 177.152.86.2
[06-11 01:02:01]: [FINE] ShapelierC15 logged in 45.226.73.31
[06-11 01:14:43]: [FINE] ShapelierC15 logged in 45.226.73.31
[06-11 02:10:21]: [FINE] Alencar73 logged in 177.152.86.2
[06-11 02:27:50]: [FINE] Alencar73 logged in 177.152.86.2
[06-11 02:33:49]: [FINE] Akyra_22 registered 45.172.69.25
[06-11 02:33:49]: [FINE] Akyra_22 logged in 45.172.69.25
[06-11 04:04:39]: [FINE] Akyra_22 logged in 45.172.69.25
[06-11 07:00:01]: [INFO] AuthMe 5.6.0-bCUSTOM disabled!
[06-11 07:02:29]: [INFO] SQLite Setup finished
[06-11 07:02:29]: [INFO] Hooked into LuckPerms!
[06-11 07:02:29]: [WARN] WARNING! The protectInventory feature requires ProtocolLib! Disabling it...
[06-11 07:02:29]: [INFO] AuthMe 5.6.0 build n.CUSTOM successfully enabled!
[06-11 07:02:35]: [INFO] Downloading GEO IP database, because the old database is older than 30 days or doesn't exist
[06-11 07:02:35]: [WARN] No MaxMind credentials found in the configuration file! GeoIp protections will be disabled.
[06-11 07:02:35]: [INFO] There is no newer GEO IP database uploaded to MaxMind. Using the old one for now.
[06-11 07:02:35]: [WARN] Could not download GeoLiteAPI database [FileNotFoundException]: plugins/AuthMe/GeoLite2-Country.mmdb (No such file or directory)
[06-11 07:02:35]: java.io.FileNotFoundException: plugins/AuthMe/GeoLite2-Country.mmdb (No such file or directory)
	at java.base/java.io.RandomAccessFile.open0(Native Method)
	at java.base/java.io.RandomAccessFile.open(RandomAccessFile.java:356)
	at java.base/java.io.RandomAccessFile.<init>(RandomAccessFile.java:273)
	at java.base/java.io.RandomAccessFile.<init>(RandomAccessFile.java:223)
	at AuthMe-5.6.0-legacy.jar//fr.xephi.authme.libs.com.maxmind.db.BufferHolder.<init>(BufferHolder.java:20)
	at AuthMe-5.6.0-legacy.jar//fr.xephi.authme.libs.com.maxmind.db.Reader.<init>(Reader.java:121)
	at AuthMe-5.6.0-legacy.jar//fr.xephi.authme.service.GeoIpService.startReading(GeoIpService.java:179)
	at AuthMe-5.6.0-legacy.jar//fr.xephi.authme.service.GeoIpService.updateDatabase(GeoIpService.java:150)
	at org.bukkit.craftbukkit.scheduler.CraftTask.run(CraftTask.java:78)
	at org.bukkit.craftbukkit.scheduler.CraftAsyncTask.run(CraftAsyncTask.java:57)
	at com.destroystokyo.paper.ServerSchedulerReportingWrapper.run(ServerSchedulerReportingWrapper.java:22)
	at java.base/java.util.concurrent.ThreadPoolExecutor.runWorker(ThreadPoolExecutor.java:1144)
	at java.base/java.util.concurrent.ThreadPoolExecutor$Worker.run(ThreadPoolExecutor.java:642)
	at java.base/java.lang.Thread.run(Thread.java:1583)

[06-11 09:53:36]: [FINE] Akyra_22 logged in 45.172.69.25
[06-11 16:06:35]: [FINE] Akyra_22 logged in 45.172.69.25
[06-11 16:08:25]: [FINE] Alencar73 logged in 177.152.86.2
[06-11 17:10:05]: [FINE] ShapelierC15 logged in 45.226.73.31
[06-11 17:18:23]: [FINE] ShapelierC15 logged in 45.226.73.31
[06-11 19:13:34]: [FINE] ShapelierC15 logged in 45.226.73.31
[06-11 19:19:07]: [FINE] Osamuh25 logged in 38.225.246.51
[06-11 19:21:57]: [FINE] Osamuh25 logged in 38.225.246.51
[06-11 19:34:31]: [FINE] Osamuh25 logged in 38.225.246.51
[06-11 20:54:03]: [FINE] Akyra_22 logged in 45.172.69.25
[06-11 20:59:54]: [FINE] Akyra_22 logged in 45.172.69.25
[06-11 22:48:05]: [FINE] Osamuh25 logged in 38.225.246.51
[06-12 00:19:40]: [FINE] Akyra_22 logged in 45.172.69.25
[06-12 01:35:05]: [FINE] ShapelierC15 logged in 45.226.73.31
[06-12 03:11:00]: [FINE] Akyra_22 logged in 45.172.69.25
[06-12 05:03:51]: [FINE] Akyra_22 logged in 45.172.69.25
[06-12 07:00:01]: [INFO] AuthMe 5.6.0-bCUSTOM disabled!
