[07:25:20] [Server thread/INFO]: Server Ping Player Sample Count: 12
[07:25:20] [Server thread/INFO]: Using 4 threads for Netty based IO
[07:25:22] [Server thread/INFO]: [MoonriseCommon] Paper is using 1 worker threads, 1 I/O threads
[07:25:22] [Server thread/INFO]: [ChunkTaskScheduler] Chunk system is using population gen parallelism: true
[07:25:22] [Server thread/ERROR]: Encountered an unexpected exception
org.spongepowered.configurate.ConfigurateException: []: org.spongepowered.configurate.yaml.internal.snakeyaml.error.YAMLException: java.io.IOException: No space left on device
	at org.spongepowered.configurate.loader.AbstractConfigurationLoader.save(AbstractConfigurationLoader.java:211) ~[configurate-core-4.2.0-20250225.064233-204.jar:?]
	at io.papermc.paper.configuration.Configurations.trySaveFileNode(Configurations.java:112) ~[paper-1.21.5.jar:1.21.5-22-6c2b037]
	at io.papermc.paper.configuration.Configurations.initializeGlobalConfiguration(Configurations.java:137) ~[paper-1.21.5.jar:1.21.5-22-6c2b037]
	at io.papermc.paper.configuration.Configurations.initializeGlobalConfiguration(Configurations.java:107) ~[paper-1.21.5.jar:1.21.5-22-6c2b037]
	at io.papermc.paper.configuration.PaperConfigurations.initializeGlobalConfiguration(PaperConfigurations.java:215) ~[paper-1.21.5.jar:1.21.5-22-6c2b037]
	at net.minecraft.server.dedicated.DedicatedServer.initServer(DedicatedServer.java:171) ~[paper-1.21.5.jar:1.21.5-22-6c2b037]
	at net.minecraft.server.MinecraftServer.runServer(MinecraftServer.java:1161) ~[paper-1.21.5.jar:1.21.5-22-6c2b037]
	at net.minecraft.server.MinecraftServer.lambda$spin$2(MinecraftServer.java:308) ~[paper-1.21.5.jar:1.21.5-22-6c2b037]
	at java.base/java.lang.Thread.run(Thread.java:1583) ~[?:?]
Caused by: org.spongepowered.configurate.yaml.internal.snakeyaml.error.YAMLException: java.io.IOException: No space left on device
	at org.spongepowered.configurate.yaml.internal.snakeyaml.Yaml.dumpAll(Yaml.java:305) ~[configurate-yaml-4.2.0-20250225.064233-199.jar:?]
	at org.spongepowered.configurate.yaml.internal.snakeyaml.Yaml.dump(Yaml.java:281) ~[configurate-yaml-4.2.0-20250225.064233-199.jar:?]
	at org.spongepowered.configurate.yaml.YamlConfigurationLoader.saveInternal(YamlConfigurationLoader.java:212) ~[configurate-yaml-4.2.0-20250225.064233-199.jar:?]
	at org.spongepowered.configurate.loader.AbstractConfigurationLoader.save(AbstractConfigurationLoader.java:207) ~[configurate-core-4.2.0-20250225.064233-204.jar:?]
	... 8 more
Caused by: java.io.IOException: No space left on device
	at java.base/sun.nio.ch.UnixFileDispatcherImpl.write0(Native Method) ~[?:?]
	at java.base/sun.nio.ch.UnixFileDispatcherImpl.write(UnixFileDispatcherImpl.java:65) ~[?:?]
	at java.base/sun.nio.ch.IOUtil.writeFromNativeBuffer(IOUtil.java:137) ~[?:?]
	at java.base/sun.nio.ch.IOUtil.write(IOUtil.java:102) ~[?:?]
	at java.base/sun.nio.ch.IOUtil.write(IOUtil.java:72) ~[?:?]
	at java.base/sun.nio.ch.FileChannelImpl.write(FileChannelImpl.java:300) ~[?:?]
	at java.base/sun.nio.ch.ChannelOutputStream.writeFully(ChannelOutputStream.java:68) ~[?:?]
	at java.base/sun.nio.ch.ChannelOutputStream.write(ChannelOutputStream.java:105) ~[?:?]
	at java.base/sun.nio.cs.StreamEncoder.writeBytes(StreamEncoder.java:309) ~[?:?]
	at java.base/sun.nio.cs.StreamEncoder.implFlushBuffer(StreamEncoder.java:405) ~[?:?]
	at java.base/sun.nio.cs.StreamEncoder.implFlush(StreamEncoder.java:410) ~[?:?]
	at java.base/sun.nio.cs.StreamEncoder.lockedFlush(StreamEncoder.java:214) ~[?:?]
	at java.base/sun.nio.cs.StreamEncoder.flush(StreamEncoder.java:201) ~[?:?]
	at java.base/java.io.OutputStreamWriter.flush(OutputStreamWriter.java:262) ~[?:?]
	at java.base/java.io.BufferedWriter.implFlush(BufferedWriter.java:372) ~[?:?]
	at java.base/java.io.BufferedWriter.flush(BufferedWriter.java:359) ~[?:?]
	at java.base/java.io.FilterWriter.flush(FilterWriter.java:110) ~[?:?]
	at java.base/java.io.BufferedWriter.implFlush(BufferedWriter.java:372) ~[?:?]
	at java.base/java.io.BufferedWriter.flush(BufferedWriter.java:365) ~[?:?]
	at org.spongepowered.configurate.yaml.internal.snakeyaml.emitter.Emitter.flushStream(Emitter.java:1323) ~[configurate-yaml-4.2.0-20250225.064233-199.jar:?]
	at org.spongepowered.configurate.yaml.internal.snakeyaml.emitter.Emitter$ExpectDocumentEnd.expect(Emitter.java:451) ~[configurate-yaml-4.2.0-20250225.064233-199.jar:?]
	at org.spongepowered.configurate.yaml.internal.snakeyaml.emitter.Emitter.emit(Emitter.java:282) ~[configurate-yaml-4.2.0-20250225.064233-199.jar:?]
	at org.spongepowered.configurate.yaml.internal.snakeyaml.serializer.Serializer.serialize(Serializer.java:145) ~[configurate-yaml-4.2.0-20250225.064233-199.jar:?]
	at org.spongepowered.configurate.yaml.internal.snakeyaml.Yaml.dumpAll(Yaml.java:301) ~[configurate-yaml-4.2.0-20250225.064233-199.jar:?]
	at org.spongepowered.configurate.yaml.internal.snakeyaml.Yaml.dump(Yaml.java:281) ~[configurate-yaml-4.2.0-20250225.064233-199.jar:?]
	at org.spongepowered.configurate.yaml.YamlConfigurationLoader.saveInternal(YamlConfigurationLoader.java:212) ~[configurate-yaml-4.2.0-20250225.064233-199.jar:?]
	at org.spongepowered.configurate.loader.AbstractConfigurationLoader.save(AbstractConfigurationLoader.java:207) ~[configurate-core-4.2.0-20250225.064233-204.jar:?]
	... 8 more
[07:25:22] [Server thread/WARN]: Failed retrieving info for group processor
java.lang.NoClassDefFoundError: Could not initialize class oshi.software.os.linux.LinuxOperatingSystem
	at oshi.hardware.platform.linux.LinuxCentralProcessor.initProcessorCounts(LinuxCentralProcessor.java:174) ~[oshi-core-6.6.5.jar:6.6.5]
	at oshi.hardware.common.AbstractCentralProcessor.<init>(AbstractCentralProcessor.java:68) ~[oshi-core-6.6.5.jar:6.6.5]
	at oshi.hardware.platform.linux.LinuxCentralProcessor.<init>(LinuxCentralProcessor.java:59) ~[oshi-core-6.6.5.jar:6.6.5]
	at oshi.hardware.platform.linux.LinuxHardwareAbstractionLayer.createProcessor(LinuxHardwareAbstractionLayer.java:43) ~[oshi-core-6.6.5.jar:6.6.5]
	at oshi.util.Memoizer$1.get(Memoizer.java:61) ~[oshi-core-6.6.5.jar:6.6.5]
	at oshi.hardware.common.AbstractHardwareAbstractionLayer.getProcessor(AbstractHardwareAbstractionLayer.java:48) ~[oshi-core-6.6.5.jar:6.6.5]
	at net.minecraft.SystemReport.lambda$putHardware$4(SystemReport.java:80) ~[paper-1.21.5.jar:1.21.5-22-6c2b037]
	at net.minecraft.SystemReport.ignoreErrors(SystemReport.java:88) ~[paper-1.21.5.jar:1.21.5-22-6c2b037]
	at net.minecraft.SystemReport.putHardware(SystemReport.java:80) ~[paper-1.21.5.jar:1.21.5-22-6c2b037]
	at net.minecraft.SystemReport.lambda$new$2(SystemReport.java:58) ~[paper-1.21.5.jar:1.21.5-22-6c2b037]
	at net.minecraft.SystemReport.ignoreErrors(SystemReport.java:88) ~[paper-1.21.5.jar:1.21.5-22-6c2b037]
	at net.minecraft.SystemReport.<init>(SystemReport.java:58) ~[paper-1.21.5.jar:1.21.5-22-6c2b037]
	at net.minecraft.CrashReport.<init>(CrashReport.java:32) ~[paper-1.21.5.jar:1.21.5-22-6c2b037]
	at net.minecraft.server.MinecraftServer.constructOrExtractCrashReport(MinecraftServer.java:1345) ~[paper-1.21.5.jar:1.21.5-22-6c2b037]
	at net.minecraft.server.MinecraftServer.runServer(MinecraftServer.java:1279) ~[paper-1.21.5.jar:1.21.5-22-6c2b037]
	at net.minecraft.server.MinecraftServer.lambda$spin$2(MinecraftServer.java:308) ~[paper-1.21.5.jar:1.21.5-22-6c2b037]
	at java.base/java.lang.Thread.run(Thread.java:1583) ~[?:?]
Caused by: java.lang.ExceptionInInitializerError: Exception java.lang.NoClassDefFoundError: Could not initialize class com.sun.jna.Native [in thread "ServerMain"]
	at com.sun.jna.NativeLong.<clinit>(NativeLong.java:35) ~[jna-5.15.0.jar:5.15.0 (b0)]
	at oshi.util.FileUtil.readNativeLongFromBuffer(FileUtil.java:260) ~[oshi-core-6.6.5.jar:6.6.5]
	at oshi.driver.linux.proc.Auxv.queryAuxv(Auxv.java:39) ~[oshi-core-6.6.5.jar:6.6.5]
	at oshi.software.os.linux.LinuxOperatingSystem.<clinit>(LinuxOperatingSystem.java:124) ~[oshi-core-6.6.5.jar:6.6.5]
	at oshi.hardware.platform.linux.LinuxCentralProcessor.initProcessorCounts(LinuxCentralProcessor.java:174) ~[oshi-core-6.6.5.jar:6.6.5]
	at oshi.hardware.common.AbstractCentralProcessor.<init>(AbstractCentralProcessor.java:68) ~[oshi-core-6.6.5.jar:6.6.5]
	at oshi.hardware.platform.l